Flutter crash report.
Please report a bug at https://github.com/flutter/flutter/issues.

## command

flutter analyze

## exception

_Exception: Exception: analysis server exited with code 64 and output:
[stderr] Project
[stderr]   build       Build a Dart application including code assets.
[stderr]   compile     Compile Dart to various formats.
[stderr]   create      Create a new Dart project.
[stderr]   pub         Work with packages.
[stderr]   run         Run a Dart program.
[stderr]   test        Run tests for a project.
[stderr] 
[stderr] Source code
[stderr]   analyze     Analyze Dart code in a directory.
[stderr]   doc         Generate API documentation for Dart projects.
[stderr]   fix         Apply automated fixes to Dart source code.
[stderr]   format      Idiomatically format Dart source code.
[stderr] 
[stderr] Tools
[stderr]   devtools    Open DevTools (optionally connecting to an existing application).
[stderr]   info        Show diagnostic information about the installed tooling.
[stderr] 
[stderr] Run "dart help <command>" for more information about a command.
[stderr] See https://dart.dev/tools/dart-tool for detailed documentation.

```
```

## flutter doctor

```
[32m[✓][39m Flutter (Channel stable, 3.38.3, on macOS 12.5.1 21G83 darwin-arm64, locale
    en-BD) [2.8s]
    [32m•[39m Flutter version 3.38.3 on channel stable at
      /Users/riazahmed/development/flutter
    [32m•[39m Upstream repository https://github.com/flutter/flutter.git
    [32m•[39m Framework revision 19074d12f7 (7 months ago), 2025-11-20 17:53:13 -0500
    [32m•[39m Engine revision 13e658725d
    [32m•[39m Dart version 3.10.1
    [32m•[39m DevTools version 2.51.1
    [32m•[39m Feature flags: enable-web, enable-linux-desktop, enable-macos-desktop,
      enable-windows-desktop, enable-android, enable-ios, cli-animations,
      enable-native-assets, omit-legacy-version-file, enable-lldb-debugging

[33m[!][39m Android toolchain - develop for Android devices (Android SDK version 35.0.0)
    [11.2s]
    [32m•[39m Android SDK at /Users/riazahmed/Library/Android/sdk
    [32m•[39m Emulator version 35.5.10.0 (build_id 13402964) (CL:N/A)
    [32m•[39m Platform android-36, build-tools 35.0.0
    [32m•[39m Java binary at: /Applications/Android
      Studio.app/Contents/jbr/Contents/Home/bin/java
      This is the JDK bundled with the latest Android Studio installation on
      this machine.
      To manually set the JDK path, use: `flutter config
      --jdk-dir="path/to/jdk"`.
    [32m•[39m Java version OpenJDK Runtime Environment (build
      17.0.11+0-17.0.11b1207.24-11852314)
    [33m![39m Some Android licenses not accepted. To resolve this, run: flutter doctor
      --android-licenses

[33m[!][39m Xcode - develop for iOS and macOS (Xcode 14.2) [3.0s]
    [32m•[39m Xcode at /Users/riazahmed/Library/Mobile
      Documents/com~apple~CloudDocs/Applicaion/Xcode.app/Contents/Developer
    [32m•[39m Build 14C18
    [33m![39m Flutter recommends a minimum Xcode version of 15.
      Download the latest version or update via the Mac App Store.
    [32m•[39m CocoaPods version 1.16.2

[32m[✓][39m Chrome - develop for the web [5ms]
    [32m•[39m Chrome at /Applications/Google Chrome.app/Contents/MacOS/Google Chrome

[32m[✓][39m Connected device (2 available) [5.6s]
    [32m•[39m macOS (desktop) • macos  • darwin-arm64   • macOS 12.5.1 21G83
      darwin-arm64
    [32m•[39m Chrome (web)    • chrome • web-javascript • Google Chrome 149.0.7827.103

[32m[✓][39m Network resources [1,635ms]
    [32m•[39m All expected network resources are available.

[33m![39m Doctor found issues in 2 categories.
```
